
[2023-08-08 09:54:00]  ErrorException: Cannot divide by zero in C:\Users\Пользователь\Desktop\cur\mvc\app\core\app.php:31
Stack trace:
#0 [internal function]: {closure}(256, 'Cannot divide b...', 'C:\\Users\\\xD0\x9F\xD0\xBE\xD0\xBB...', 31)
#1 C:\Users\Пользователь\Desktop\cur\mvc\app\core\app.php(31): trigger_error('Cannot divide b...', 256)
#2 C:\Users\Пользователь\Desktop\cur\mvc\app\init.php(56): App::run()
#3 C:\Users\Пользователь\Desktop\cur\mvc\index.php(5): require_once('C:\\Users\\\xD0\x9F\xD0\xBE\xD0\xBB...')
#4 {main}
[2023-08-14 08:19:10]  Exception: Only API request allowed in C:\Users\Пользователь\Desktop\cur\api\app\core\route.php:17
Stack trace:
#0 C:\Users\Пользователь\Desktop\cur\api\app\core\route.php(25): Route->__construct(Array)
#1 C:\Users\Пользователь\Desktop\cur\api\app\core\request.php(21): Route::route('/')
#2 C:\Users\Пользователь\Desktop\cur\api\app\core\request.php(16): Request::getRoute('/')
#3 C:\Users\Пользователь\Desktop\cur\api\app\init.php(54): Request::init()
#4 C:\Users\Пользователь\Desktop\cur\api\index.php(5): require_once('C:\\Users\\\xD0\x9F\xD0\xBE\xD0\xBB...')
#5 {main}
[2023-08-14 08:23:05]  ErrorException: require_once(C:\Users\Пользователь\Desktop\cur\api\app/core/classes/\api_controller.php): Failed to open stream: No such file or directory in C:\Users\Пользователь\Desktop\cur\api\app\autoloader.php:17
Stack trace:
#0 C:\Users\Пользователь\Desktop\cur\api\app\autoloader.php(17): {closure}(2, 'require_once(C:...', 'C:\\Users\\\xD0\x9F\xD0\xBE\xD0\xBB...', 17)
#1 C:\Users\Пользователь\Desktop\cur\api\app\autoloader.php(17): require_once()
#2 [internal function]: Autoloader::{closure}('API_Controller')
#3 C:\Users\Пользователь\Desktop\cur\api\app\core\app.php(7): class_exists('API_Controller')
#4 C:\Users\Пользователь\Desktop\cur\api\app\core\app.php(20): App::loadModule('API_Controller')
#5 C:\Users\Пользователь\Desktop\cur\api\app\core\app.php(33): App::runModule('v1')
#6 C:\Users\Пользователь\Desktop\cur\api\app\init.php(55): App::run()
#7 C:\Users\Пользователь\Desktop\cur\api\index.php(5): require_once('C:\\Users\\\xD0\x9F\xD0\xBE\xD0\xBB...')
#8 {main}
[2023-08-14 08:29:15]  ErrorException: Undefined variable $strtolower in C:\Users\Пользователь\Desktop\cur\api\app\autoloader.php:10
Stack trace:
#0 C:\Users\Пользователь\Desktop\cur\api\app\autoloader.php(10): {closure}(2, 'Undefined varia...', 'C:\\Users\\\xD0\x9F\xD0\xBE\xD0\xBB...', 10)
#1 [internal function]: Autoloader::{closure}('V1_Controller')
#2 C:\Users\Пользователь\Desktop\cur\api\app\core\app.php(7): class_exists('V1_Controller')
#3 C:\Users\Пользователь\Desktop\cur\api\app\core\app.php(20): App::loadModule('V1_Controller')
#4 C:\Users\Пользователь\Desktop\cur\api\app\core\app.php(33): App::runModule('v1')
#5 C:\Users\Пользователь\Desktop\cur\api\app\init.php(55): App::run()
#6 C:\Users\Пользователь\Desktop\cur\api\index.php(5): require_once('C:\\Users\\\xD0\x9F\xD0\xBE\xD0\xBB...')
#7 {main}
[2023-08-14 08:29:23]  ErrorException: require_once(C:\Users\Пользователь\Desktop\cur\api\app/core/classes/\v1_controller.php): Failed to open stream: No such file or directory in C:\Users\Пользователь\Desktop\cur\api\app\autoloader.php:17
Stack trace:
#0 C:\Users\Пользователь\Desktop\cur\api\app\autoloader.php(17): {closure}(2, 'require_once(C:...', 'C:\\Users\\\xD0\x9F\xD0\xBE\xD0\xBB...', 17)
#1 C:\Users\Пользователь\Desktop\cur\api\app\autoloader.php(17): require_once()
#2 [internal function]: Autoloader::{closure}('V1_Controller')
#3 C:\Users\Пользователь\Desktop\cur\api\app\core\app.php(7): class_exists('V1_Controller')
#4 C:\Users\Пользователь\Desktop\cur\api\app\core\app.php(20): App::loadModule('V1_Controller')
#5 C:\Users\Пользователь\Desktop\cur\api\app\core\app.php(33): App::runModule('v1')
#6 C:\Users\Пользователь\Desktop\cur\api\app\init.php(55): App::run()
#7 C:\Users\Пользователь\Desktop\cur\api\index.php(5): require_once('C:\\Users\\\xD0\x9F\xD0\xBE\xD0\xBB...')
#8 {main}
[2023-08-14 08:30:10]  ErrorException: include(C:\Users\Пользователь\Desktop\cur\api\app/core/classes/\v1_controller.php): Failed to open stream: No such file or directory in C:\Users\Пользователь\Desktop\cur\api\app\autoloader.php:17
Stack trace:
#0 C:\Users\Пользователь\Desktop\cur\api\app\autoloader.php(17): {closure}(2, 'include(C:\\User...', 'C:\\Users\\\xD0\x9F\xD0\xBE\xD0\xBB...', 17)
#1 C:\Users\Пользователь\Desktop\cur\api\app\autoloader.php(17): include()
#2 [internal function]: Autoloader::{closure}('V1_Controller')
#3 C:\Users\Пользователь\Desktop\cur\api\app\core\app.php(7): class_exists('V1_Controller')
#4 C:\Users\Пользователь\Desktop\cur\api\app\core\app.php(20): App::loadModule('V1_Controller')
#5 C:\Users\Пользователь\Desktop\cur\api\app\core\app.php(33): App::runModule('v1')
#6 C:\Users\Пользователь\Desktop\cur\api\app\init.php(55): App::run()
#7 C:\Users\Пользователь\Desktop\cur\api\index.php(5): require_once('C:\\Users\\\xD0\x9F\xD0\xBE\xD0\xBB...')
#8 {main}
[2023-08-14 08:32:56]  ErrorException: include(C:\Users\Пользователь\Desktop\cur\api\app/core/classes/\v1_controller.php): Failed to open stream: No such file or directory in C:\Users\Пользователь\Desktop\cur\api\app\autoloader.php:16
Stack trace:
#0 C:\Users\Пользователь\Desktop\cur\api\app\autoloader.php(16): {closure}(2, 'include(C:\\User...', 'C:\\Users\\\xD0\x9F\xD0\xBE\xD0\xBB...', 16)
#1 C:\Users\Пользователь\Desktop\cur\api\app\autoloader.php(16): include()
#2 [internal function]: Autoloader::{closure}('V1_Controller')
#3 C:\Users\Пользователь\Desktop\cur\api\app\core\app.php(7): class_exists('V1_Controller')
#4 C:\Users\Пользователь\Desktop\cur\api\app\core\app.php(20): App::loadModule('V1_Controller')
#5 C:\Users\Пользователь\Desktop\cur\api\app\core\app.php(33): App::runModule('v1')
#6 C:\Users\Пользователь\Desktop\cur\api\app\init.php(55): App::run()
#7 C:\Users\Пользователь\Desktop\cur\api\index.php(5): require_once('C:\\Users\\\xD0\x9F\xD0\xBE\xD0\xBB...')
#8 {main}
[2023-08-14 08:35:28]  ErrorException: include(C:\Users\Пользователь\Desktop\cur\api\app/core/classes/\v1_controller.php): Failed to open stream: No such file or directory in C:\Users\Пользователь\Desktop\cur\api\app\autoloader.php:16
Stack trace:
#0 C:\Users\Пользователь\Desktop\cur\api\app\autoloader.php(16): {closure}(2, 'include(C:\\User...', 'C:\\Users\\\xD0\x9F\xD0\xBE\xD0\xBB...', 16)
#1 C:\Users\Пользователь\Desktop\cur\api\app\autoloader.php(16): include()
#2 [internal function]: Autoloader::{closure}('V1_Controller')
#3 C:\Users\Пользователь\Desktop\cur\api\app\core\app.php(7): class_exists('V1_Controller')
#4 C:\Users\Пользователь\Desktop\cur\api\app\core\app.php(20): App::loadModule('V1_Controller')
#5 C:\Users\Пользователь\Desktop\cur\api\app\core\app.php(33): App::runModule('v1')
#6 C:\Users\Пользователь\Desktop\cur\api\app\init.php(55): App::run()
#7 C:\Users\Пользователь\Desktop\cur\api\index.php(5): require_once('C:\\Users\\\xD0\x9F\xD0\xBE\xD0\xBB...')
#8 {main}
[2023-08-14 08:36:04]  ErrorException: include(C:\Users\Пользователь\Desktop\cur\api\app/core/classes/\v1_controller.php): Failed to open stream: No such file or directory in C:\Users\Пользователь\Desktop\cur\api\app\autoloader.php:16
Stack trace:
#0 C:\Users\Пользователь\Desktop\cur\api\app\autoloader.php(16): {closure}(2, 'include(C:\\User...', 'C:\\Users\\\xD0\x9F\xD0\xBE\xD0\xBB...', 16)
#1 C:\Users\Пользователь\Desktop\cur\api\app\autoloader.php(16): include()
#2 [internal function]: Autoloader::{closure}('V1_Controller')
#3 C:\Users\Пользователь\Desktop\cur\api\app\core\app.php(7): class_exists('V1_Controller')
#4 C:\Users\Пользователь\Desktop\cur\api\app\core\app.php(20): App::loadModule('V1_Controller')
#5 C:\Users\Пользователь\Desktop\cur\api\app\core\app.php(33): App::runModule('v1')
#6 C:\Users\Пользователь\Desktop\cur\api\app\init.php(55): App::run()
#7 C:\Users\Пользователь\Desktop\cur\api\index.php(5): require_once('C:\\Users\\\xD0\x9F\xD0\xBE\xD0\xBB...')
#8 {main}
[2023-08-14 08:37:39]  ErrorException: include(C:\Users\Пользователь\Desktop\cur\api\app/core/classes/\v1_controller.php): Failed to open stream: No such file or directory in C:\Users\Пользователь\Desktop\cur\api\app\autoloader.php:16
Stack trace:
#0 C:\Users\Пользователь\Desktop\cur\api\app\autoloader.php(16): {closure}(2, 'include(C:\\User...', 'C:\\Users\\\xD0\x9F\xD0\xBE\xD0\xBB...', 16)
#1 C:\Users\Пользователь\Desktop\cur\api\app\autoloader.php(16): include()
#2 [internal function]: Autoloader::{closure}('V1_Controller')
#3 C:\Users\Пользователь\Desktop\cur\api\app\core\app.php(7): class_exists('V1_Controller')
#4 C:\Users\Пользователь\Desktop\cur\api\app\core\app.php(20): App::loadModule('V1_Controller')
#5 C:\Users\Пользователь\Desktop\cur\api\app\core\app.php(33): App::runModule('v1')
#6 C:\Users\Пользователь\Desktop\cur\api\app\init.php(56): App::run()
#7 C:\Users\Пользователь\Desktop\cur\api\index.php(5): require_once('C:\\Users\\\xD0\x9F\xD0\xBE\xD0\xBB...')
#8 {main}
[2023-08-14 08:54:06]  ErrorException: include(C:\Users\Пользователь\Desktop\cur\api\app/core/classes/\v1_controller.php): Failed to open stream: No such file or directory in C:\Users\Пользователь\Desktop\cur\api\app\autoloader.php:16
Stack trace:
#0 C:\Users\Пользователь\Desktop\cur\api\app\autoloader.php(16): {closure}(2, 'include(C:\\User...', 'C:\\Users\\\xD0\x9F\xD0\xBE\xD0\xBB...', 16)
#1 C:\Users\Пользователь\Desktop\cur\api\app\autoloader.php(16): include()
#2 [internal function]: Autoloader::{closure}('V1_Controller')
#3 C:\Users\Пользователь\Desktop\cur\api\app\core\app.php(7): class_exists('V1_Controller')
#4 C:\Users\Пользователь\Desktop\cur\api\app\core\app.php(20): App::loadModule('V1_Controller')
#5 C:\Users\Пользователь\Desktop\cur\api\app\core\app.php(33): App::runModule('v1')
#6 C:\Users\Пользователь\Desktop\cur\api\app\init.php(56): App::run()
#7 C:\Users\Пользователь\Desktop\cur\api\index.php(5): require_once('C:\\Users\\\xD0\x9F\xD0\xBE\xD0\xBB...')
#8 {main}
[2023-08-14 08:58:18]  ErrorException: Undefined variable $e in C:\Users\Пользователь\Desktop\cur\api\app\core\app.php:14
Stack trace:
#0 C:\Users\Пользователь\Desktop\cur\api\app\core\app.php(14): {closure}(2, 'Undefined varia...', 'C:\\Users\\\xD0\x9F\xD0\xBE\xD0\xBB...', 14)
#1 C:\Users\Пользователь\Desktop\cur\api\app\core\app.php(21): App::loadModule('V1_Controller')
#2 C:\Users\Пользователь\Desktop\cur\api\app\core\app.php(34): App::runModule('v1')
#3 C:\Users\Пользователь\Desktop\cur\api\app\init.php(55): App::run()
#4 C:\Users\Пользователь\Desktop\cur\api\index.php(5): require_once('C:\\Users\\\xD0\x9F\xD0\xBE\xD0\xBB...')
#5 {main}
[2023-08-14 09:15:52]  Exception Object
(
    [message:protected] => Only API request allowed
    [string:Exception:private] => 
    [code:protected] => 1
    [file:protected] => C:\Users\Пользователь\Desktop\cur\api\app\core\route.php
    [line:protected] => 17
    [trace:Exception:private] => Array
        (
            [0] => Array
                (
                    [file] => C:\Users\Пользователь\Desktop\cur\api\app\core\route.php
                    [line] => 25
                    [function] => __construct
                    [class] => Route
                    [type] => ->
                    [args] => Array
                        (
                            [0] => Array
                                (
                                    [0] => 
                                )

                        )

                )

            [1] => Array
                (
                    [file] => C:\Users\Пользователь\Desktop\cur\api\app\core\request.php
                    [line] => 21
                    [function] => route
                    [class] => Route
                    [type] => ::
                    [args] => Array
                        (
                            [0] => /
                        )

                )

            [2] => Array
                (
                    [file] => C:\Users\Пользователь\Desktop\cur\api\app\core\request.php
                    [line] => 16
                    [function] => getRoute
                    [class] => Request
                    [type] => ::
                    [args] => Array
                        (
                            [0] => /
                        )

                )

            [3] => Array
                (
                    [file] => C:\Users\Пользователь\Desktop\cur\api\app\init.php
                    [line] => 54
                    [function] => init
                    [class] => Request
                    [type] => ::
                    [args] => Array
                        (
                        )

                )

            [4] => Array
                (
                    [file] => C:\Users\Пользователь\Desktop\cur\api\index.php
                    [line] => 5
                    [args] => Array
                        (
                            [0] => C:\Users\Пользователь\Desktop\cur\api\app\init.php
                        )

                    [function] => require_once
                )

        )

    [previous:Exception:private] => 
)

[2023-08-14 09:33:13]  Exception Object
(
    [message:protected] => There is no such method in class V2_Model
    [string:Exception:private] => 
    [code:protected] => 0
    [file:protected] => C:\Users\Пользователь\Desktop\cur\api\app\core\root\model.php
    [line:protected] => 10
    [trace:Exception:private] => Array
        (
            [0] => Array
                (
                    [file] => C:\Users\Пользователь\Desktop\cur\api\app\core\api\v2\model.php
                    [line] => 9
                    [function] => run
                    [class] => Model
                    [type] => ::
                    [args] => Array
                        (
                            [0] => get_countries_list
                        )

                )

            [1] => Array
                (
                    [file] => C:\Users\Пользователь\Desktop\cur\api\app\core\api\v2\controller.php
                    [line] => 8
                    [function] => run_countries
                    [class] => V2_Model
                    [type] => ::
                    [args] => Array
                        (
                            [0] => 
                        )

                )

            [2] => Array
                (
                    [file] => C:\Users\Пользователь\Desktop\cur\api\app\core\api\v2\controller.php
                    [line] => 16
                    [function] => run
                    [class] => V2_Controller
                    [type] => ::
                    [args] => Array
                        (
                            [0] => run_countries
                        )

                )

            [3] => Array
                (
                    [file] => C:\Users\Пользователь\Desktop\cur\api\app\core\app.php
                    [line] => 26
                    [function] => run_countries
                    [class] => V2_Controller
                    [type] => ::
                    [args] => Array
                        (
                        )

                )

            [4] => Array
                (
                    [file] => C:\Users\Пользователь\Desktop\cur\api\app\core\app.php
                    [line] => 36
                    [function] => runModule
                    [class] => App
                    [type] => ::
                    [args] => Array
                        (
                            [0] => v2
                        )

                )

            [5] => Array
                (
                    [file] => C:\Users\Пользователь\Desktop\cur\api\app\init.php
                    [line] => 55
                    [function] => run
                    [class] => App
                    [type] => ::
                    [args] => Array
                        (
                        )

                )

            [6] => Array
                (
                    [file] => C:\Users\Пользователь\Desktop\cur\api\index.php
                    [line] => 5
                    [args] => Array
                        (
                            [0] => C:\Users\Пользователь\Desktop\cur\api\app\init.php
                        )

                    [function] => require_once
                )

        )

    [previous:Exception:private] => 
)

[2023-08-14 09:34:53]  Exception Object
(
    [message:protected] => There is no such method in class V2_Model
    [string:Exception:private] => 
    [code:protected] => 0
    [file:protected] => C:\Users\Пользователь\Desktop\cur\api\app\core\root\model.php
    [line:protected] => 10
    [trace:Exception:private] => Array
        (
            [0] => Array
                (
                    [file] => C:\Users\Пользователь\Desktop\cur\api\app\core\api\v2\model.php
                    [line] => 9
                    [function] => run
                    [class] => Model
                    [type] => ::
                    [args] => Array
                        (
                            [0] => get_countries_list
                        )

                )

            [1] => Array
                (
                    [file] => C:\Users\Пользователь\Desktop\cur\api\app\core\api\v2\controller.php
                    [line] => 8
                    [function] => run_countries
                    [class] => V2_Model
                    [type] => ::
                    [args] => Array
                        (
                            [0] => 
                        )

                )

            [2] => Array
                (
                    [file] => C:\Users\Пользователь\Desktop\cur\api\app\core\api\v2\controller.php
                    [line] => 16
                    [function] => run
                    [class] => V2_Controller
                    [type] => ::
                    [args] => Array
                        (
                            [0] => run_countries
                        )

                )

            [3] => Array
                (
                    [file] => C:\Users\Пользователь\Desktop\cur\api\app\core\app.php
                    [line] => 26
                    [function] => run_countries
                    [class] => V2_Controller
                    [type] => ::
                    [args] => Array
                        (
                        )

                )

            [4] => Array
                (
                    [file] => C:\Users\Пользователь\Desktop\cur\api\app\core\app.php
                    [line] => 36
                    [function] => runModule
                    [class] => App
                    [type] => ::
                    [args] => Array
                        (
                            [0] => v2
                        )

                )

            [5] => Array
                (
                    [file] => C:\Users\Пользователь\Desktop\cur\api\app\init.php
                    [line] => 55
                    [function] => run
                    [class] => App
                    [type] => ::
                    [args] => Array
                        (
                        )

                )

            [6] => Array
                (
                    [file] => C:\Users\Пользователь\Desktop\cur\api\index.php
                    [line] => 5
                    [args] => Array
                        (
                            [0] => C:\Users\Пользователь\Desktop\cur\api\app\init.php
                        )

                    [function] => require_once
                )

        )

    [previous:Exception:private] => 
)

[2023-08-14 09:36:21]  Exception Object
(
    [message:protected] => There is no such method in class V2_Model
    [string:Exception:private] => 
    [code:protected] => 0
    [file:protected] => C:\Users\Пользователь\Desktop\cur\api\app\core\root\model.php
    [line:protected] => 10
    [trace:Exception:private] => Array
        (
            [0] => Array
                (
                    [file] => C:\Users\Пользователь\Desktop\cur\api\app\core\api\v2\model.php
                    [line] => 9
                    [function] => run
                    [class] => Model
                    [type] => ::
                    [args] => Array
                        (
                            [0] => get_countries_list
                        )

                )

            [1] => Array
                (
                    [file] => C:\Users\Пользователь\Desktop\cur\api\app\core\api\v2\controller.php
                    [line] => 8
                    [function] => run_countries
                    [class] => V2_Model
                    [type] => ::
                    [args] => Array
                        (
                            [0] => 
                        )

                )

            [2] => Array
                (
                    [file] => C:\Users\Пользователь\Desktop\cur\api\app\core\api\v2\controller.php
                    [line] => 16
                    [function] => run
                    [class] => V2_Controller
                    [type] => ::
                    [args] => Array
                        (
                            [0] => run_countries
                        )

                )

            [3] => Array
                (
                    [file] => C:\Users\Пользователь\Desktop\cur\api\app\core\app.php
                    [line] => 26
                    [function] => run_countries
                    [class] => V2_Controller
                    [type] => ::
                    [args] => Array
                        (
                        )

                )

            [4] => Array
                (
                    [file] => C:\Users\Пользователь\Desktop\cur\api\app\core\app.php
                    [line] => 36
                    [function] => runModule
                    [class] => App
                    [type] => ::
                    [args] => Array
                        (
                            [0] => v2
                        )

                )

            [5] => Array
                (
                    [file] => C:\Users\Пользователь\Desktop\cur\api\app\init.php
                    [line] => 55
                    [function] => run
                    [class] => App
                    [type] => ::
                    [args] => Array
                        (
                        )

                )

            [6] => Array
                (
                    [file] => C:\Users\Пользователь\Desktop\cur\api\index.php
                    [line] => 5
                    [args] => Array
                        (
                            [0] => C:\Users\Пользователь\Desktop\cur\api\app\init.php
                        )

                    [function] => require_once
                )

        )

    [previous:Exception:private] => 
)

[2023-08-14 10:05:05]  ParseError Object
(
    [message:protected] => Unclosed '{' on line 2
    [string:Error:private] => 
    [code:protected] => 0
    [file:protected] => C:\Users\Пользователь\Desktop\cur\api\app\core\api\v2\model.php
    [line:protected] => 33
    [trace:Error:private] => Array
        (
            [0] => Array
                (
                    [function] => {closure}
                    [class] => Autoloader
                    [type] => ::
                    [args] => Array
                        (
                            [0] => V2_Model
                        )

                )

            [1] => Array
                (
                    [file] => C:\Users\Пользователь\Desktop\cur\api\app\core\api\v2\controller.php
                    [line] => 7
                    [function] => method_exists
                    [args] => Array
                        (
                            [0] => V2_Model
                            [1] => run_countries
                        )

                )

            [2] => Array
                (
                    [file] => C:\Users\Пользователь\Desktop\cur\api\app\core\api\v2\controller.php
                    [line] => 16
                    [function] => run
                    [class] => V2_Controller
                    [type] => ::
                    [args] => Array
                        (
                            [0] => run_countries
                        )

                )

            [3] => Array
                (
                    [file] => C:\Users\Пользователь\Desktop\cur\api\app\core\app.php
                    [line] => 26
                    [function] => run_countries
                    [class] => V2_Controller
                    [type] => ::
                    [args] => Array
                        (
                        )

                )

            [4] => Array
                (
                    [file] => C:\Users\Пользователь\Desktop\cur\api\app\core\app.php
                    [line] => 36
                    [function] => runModule
                    [class] => App
                    [type] => ::
                    [args] => Array
                        (
                            [0] => v2
                        )

                )

            [5] => Array
                (
                    [file] => C:\Users\Пользователь\Desktop\cur\api\app\init.php
                    [line] => 55
                    [function] => run
                    [class] => App
                    [type] => ::
                    [args] => Array
                        (
                        )

                )

            [6] => Array
                (
                    [file] => C:\Users\Пользователь\Desktop\cur\api\index.php
                    [line] => 5
                    [args] => Array
                        (
                            [0] => C:\Users\Пользователь\Desktop\cur\api\app\init.php
                        )

                    [function] => require_once
                )

        )

    [previous:Error:private] => 
)

[2023-08-14 10:06:58]  ParseError Object
(
    [message:protected] => Unclosed '{' on line 2
    [string:Error:private] => 
    [code:protected] => 0
    [file:protected] => C:\Users\Пользователь\Desktop\cur\api\app\core\api\v2\model.php
    [line:protected] => 33
    [trace:Error:private] => Array
        (
            [0] => Array
                (
                    [function] => {closure}
                    [class] => Autoloader
                    [type] => ::
                    [args] => Array
                        (
                            [0] => V2_Model
                        )

                )

            [1] => Array
                (
                    [file] => C:\Users\Пользователь\Desktop\cur\api\app\core\api\v2\controller.php
                    [line] => 7
                    [function] => method_exists
                    [args] => Array
                        (
                            [0] => V2_Model
                            [1] => run_countries
                        )

                )

            [2] => Array
                (
                    [file] => C:\Users\Пользователь\Desktop\cur\api\app\core\api\v2\controller.php
                    [line] => 16
                    [function] => run
                    [class] => V2_Controller
                    [type] => ::
                    [args] => Array
                        (
                            [0] => run_countries
                        )

                )

            [3] => Array
                (
                    [file] => C:\Users\Пользователь\Desktop\cur\api\app\core\app.php
                    [line] => 26
                    [function] => run_countries
                    [class] => V2_Controller
                    [type] => ::
                    [args] => Array
                        (
                        )

                )

            [4] => Array
                (
                    [file] => C:\Users\Пользователь\Desktop\cur\api\app\core\app.php
                    [line] => 36
                    [function] => runModule
                    [class] => App
                    [type] => ::
                    [args] => Array
                        (
                            [0] => v2
                        )

                )

            [5] => Array
                (
                    [file] => C:\Users\Пользователь\Desktop\cur\api\app\init.php
                    [line] => 55
                    [function] => run
                    [class] => App
                    [type] => ::
                    [args] => Array
                        (
                        )

                )

            [6] => Array
                (
                    [file] => C:\Users\Пользователь\Desktop\cur\api\index.php
                    [line] => 5
                    [args] => Array
                        (
                            [0] => C:\Users\Пользователь\Desktop\cur\api\app\init.php
                        )

                    [function] => require_once
                )

        )

    [previous:Error:private] => 
)

[2023-08-14 13:28:48]  ErrorException Object
(
    [message:protected] => SQLite3::query(): Unable to prepare statement: 1, near &quot;LIMIT&quot;: syntax error
    [string:Exception:private] => 
    [code:protected] => 0
    [file:protected] => C:\Users\Пользователь\Desktop\cur\api\app\core\classes\db.php
    [line:protected] => 34
    [trace:Exception:private] => Array
        (
            [0] => Array
                (
                    [function] => {closure}
                    [args] => Array
                        (
                            [0] => 2
                            [1] => SQLite3::query(): Unable to prepare statement: 1, near &quot;LIMIT&quot;: syntax error
                            [2] => C:\Users\Пользователь\Desktop\cur\api\app\core\classes\db.php
                            [3] => 34
                        )

                )

            [1] => Array
                (
                    [file] => C:\Users\Пользователь\Desktop\cur\api\app\core\classes\db.php
                    [line] => 34
                    [function] => query
                    [class] => SQLite3
                    [type] => ->
                    [args] => Array
                        (
                            [0] => SELECT * FROM `users` WHERE `id`= LIMIT 1;
                        )

                )

            [2] => Array
                (
                    [file] => C:\Users\Пользователь\Desktop\cur\api\app\core\user.php
                    [line] => 34
                    [function] => getUser
                    [class] => DB
                    [type] => ::
                    [args] => Array
                        (
                            [0] => 
                        )

                )

            [3] => Array
                (
                    [file] => C:\Users\Пользователь\Desktop\cur\api\app\core\api\v2\model.php
                    [line] => 18
                    [function] => getUserInfo
                    [class] => User
                    [type] => ->
                    [args] => Array
                        (
                        )

                )

            [4] => Array
                (
                    [file] => C:\Users\Пользователь\Desktop\cur\api\app\core\root\model.php
                    [line] => 7
                    [function] => get_user_check
                    [class] => V2_Model
                    [type] => ::
                    [args] => Array
                        (
                            [0] => 
                        )

                )

            [5] => Array
                (
                    [file] => C:\Users\Пользователь\Desktop\cur\api\app\core\api\v2\model.php
                    [line] => 14
                    [function] => run
                    [class] => Model
                    [type] => ::
                    [args] => Array
                        (
                            [0] => get_user_check
                        )

                )

            [6] => Array
                (
                    [file] => C:\Users\Пользователь\Desktop\cur\api\app\core\api\v2\controller.php
                    [line] => 8
                    [function] => run_user
                    [class] => V2_Model
                    [type] => ::
                    [args] => Array
                        (
                            [0] => 
                        )

                )

            [7] => Array
                (
                    [file] => C:\Users\Пользователь\Desktop\cur\api\app\core\api\v2\controller.php
                    [line] => 19
                    [function] => run
                    [class] => V2_Controller
                    [type] => ::
                    [args] => Array
                        (
                            [0] => run_user
                        )

                )

            [8] => Array
                (
                    [file] => C:\Users\Пользователь\Desktop\cur\api\app\core\app.php
                    [line] => 26
                    [function] => run_user
                    [class] => V2_Controller
                    [type] => ::
                    [args] => Array
                        (
                        )

                )

            [9] => Array
                (
                    [file] => C:\Users\Пользователь\Desktop\cur\api\app\core\app.php
                    [line] => 36
                    [function] => runModule
                    [class] => App
                    [type] => ::
                    [args] => Array
                        (
                            [0] => v2
                        )

                )

            [10] => Array
                (
                    [file] => C:\Users\Пользователь\Desktop\cur\api\app\init.php
                    [line] => 55
                    [function] => run
                    [class] => App
                    [type] => ::
                    [args] => Array
                        (
                        )

                )

            [11] => Array
                (
                    [file] => C:\Users\Пользователь\Desktop\cur\api\index.php
                    [line] => 5
                    [args] => Array
                        (
                            [0] => C:\Users\Пользователь\Desktop\cur\api\app\init.php
                        )

                    [function] => require_once
                )

        )

    [previous:Exception:private] => 
    [severity:protected] => 2
)

[2023-08-14 13:29:02]  ErrorException Object
(
    [message:protected] => SQLite3::query(): Unable to prepare statement: 1, near &quot;LIMIT&quot;: syntax error
    [string:Exception:private] => 
    [code:protected] => 0
    [file:protected] => C:\Users\Пользователь\Desktop\cur\api\app\core\classes\db.php
    [line:protected] => 34
    [trace:Exception:private] => Array
        (
            [0] => Array
                (
                    [function] => {closure}
                    [args] => Array
                        (
                            [0] => 2
                            [1] => SQLite3::query(): Unable to prepare statement: 1, near &quot;LIMIT&quot;: syntax error
                            [2] => C:\Users\Пользователь\Desktop\cur\api\app\core\classes\db.php
                            [3] => 34
                        )

                )

            [1] => Array
                (
                    [file] => C:\Users\Пользователь\Desktop\cur\api\app\core\classes\db.php
                    [line] => 34
                    [function] => query
                    [class] => SQLite3
                    [type] => ->
                    [args] => Array
                        (
                            [0] => SELECT * FROM `users` WHERE `id`= LIMIT 1;
                        )

                )

            [2] => Array
                (
                    [file] => C:\Users\Пользователь\Desktop\cur\api\app\core\user.php
                    [line] => 34
                    [function] => getUser
                    [class] => DB
                    [type] => ::
                    [args] => Array
                        (
                            [0] => 
                        )

                )

            [3] => Array
                (
                    [file] => C:\Users\Пользователь\Desktop\cur\api\app\core\api\v2\model.php
                    [line] => 18
                    [function] => getUserInfo
                    [class] => User
                    [type] => ->
                    [args] => Array
                        (
                        )

                )

            [4] => Array
                (
                    [file] => C:\Users\Пользователь\Desktop\cur\api\app\core\root\model.php
                    [line] => 7
                    [function] => get_user_check
                    [class] => V2_Model
                    [type] => ::
                    [args] => Array
                        (
                            [0] => 
                        )

                )

            [5] => Array
                (
                    [file] => C:\Users\Пользователь\Desktop\cur\api\app\core\api\v2\model.php
                    [line] => 14
                    [function] => run
                    [class] => Model
                    [type] => ::
                    [args] => Array
                        (
                            [0] => get_user_check
                        )

                )

            [6] => Array
                (
                    [file] => C:\Users\Пользователь\Desktop\cur\api\app\core\api\v2\controller.php
                    [line] => 8
                    [function] => run_user
                    [class] => V2_Model
                    [type] => ::
                    [args] => Array
                        (
                            [0] => 
                        )

                )

            [7] => Array
                (
                    [file] => C:\Users\Пользователь\Desktop\cur\api\app\core\api\v2\controller.php
                    [line] => 19
                    [function] => run
                    [class] => V2_Controller
                    [type] => ::
                    [args] => Array
                        (
                            [0] => run_user
                        )

                )

            [8] => Array
                (
                    [file] => C:\Users\Пользователь\Desktop\cur\api\app\core\app.php
                    [line] => 26
                    [function] => run_user
                    [class] => V2_Controller
                    [type] => ::
                    [args] => Array
                        (
                        )

                )

            [9] => Array
                (
                    [file] => C:\Users\Пользователь\Desktop\cur\api\app\core\app.php
                    [line] => 36
                    [function] => runModule
                    [class] => App
                    [type] => ::
                    [args] => Array
                        (
                            [0] => v2
                        )

                )

            [10] => Array
                (
                    [file] => C:\Users\Пользователь\Desktop\cur\api\app\init.php
                    [line] => 55
                    [function] => run
                    [class] => App
                    [type] => ::
                    [args] => Array
                        (
                        )

                )

            [11] => Array
                (
                    [file] => C:\Users\Пользователь\Desktop\cur\api\index.php
                    [line] => 5
                    [args] => Array
                        (
                            [0] => C:\Users\Пользователь\Desktop\cur\api\app\init.php
                        )

                    [function] => require_once
                )

        )

    [previous:Exception:private] => 
    [severity:protected] => 2
)

[2023-08-14 13:29:16]  ErrorException Object
(
    [message:protected] => SQLite3::query(): Unable to prepare statement: 1, near &quot;LIMIT&quot;: syntax error
    [string:Exception:private] => 
    [code:protected] => 0
    [file:protected] => C:\Users\Пользователь\Desktop\cur\api\app\core\classes\db.php
    [line:protected] => 34
    [trace:Exception:private] => Array
        (
            [0] => Array
                (
                    [function] => {closure}
                    [args] => Array
                        (
                            [0] => 2
                            [1] => SQLite3::query(): Unable to prepare statement: 1, near &quot;LIMIT&quot;: syntax error
                            [2] => C:\Users\Пользователь\Desktop\cur\api\app\core\classes\db.php
                            [3] => 34
                        )

                )

            [1] => Array
                (
                    [file] => C:\Users\Пользователь\Desktop\cur\api\app\core\classes\db.php
                    [line] => 34
                    [function] => query
                    [class] => SQLite3
                    [type] => ->
                    [args] => Array
                        (
                            [0] => SELECT * FROM `users` WHERE `id`= LIMIT 1;
                        )

                )

            [2] => Array
                (
                    [file] => C:\Users\Пользователь\Desktop\cur\api\app\core\user.php
                    [line] => 34
                    [function] => getUser
                    [class] => DB
                    [type] => ::
                    [args] => Array
                        (
                            [0] => 
                        )

                )

            [3] => Array
                (
                    [file] => C:\Users\Пользователь\Desktop\cur\api\app\core\api\v2\model.php
                    [line] => 61
                    [function] => getUserInfo
                    [class] => User
                    [type] => ->
                    [args] => Array
                        (
                        )

                )

            [4] => Array
                (
                    [file] => C:\Users\Пользователь\Desktop\cur\api\app\core\api\v2\controller.php
                    [line] => 8
                    [function] => run_login__check_user
                    [class] => V2_Model
                    [type] => ::
                    [args] => Array
                        (
                            [0] => Array
                                (
                                    [0] => me123
                                    [1] => qwerty12345
                                )

                        )

                )

            [5] => Array
                (
                    [file] => C:\Users\Пользователь\Desktop\cur\api\app\core\api\v2\controller.php
                    [line] => 33
                    [function] => run
                    [class] => V2_Controller
                    [type] => ::
                    [args] => Array
                        (
                            [0] => run_login__check_user
                            [1] => Array
                                (
                                    [0] => me123
                                    [1] => qwerty12345
                                )

                        )

                )

            [6] => Array
                (
                    [file] => C:\Users\Пользователь\Desktop\cur\api\app\core\app.php
                    [line] => 26
                    [function] => run_login
                    [class] => V2_Controller
                    [type] => ::
                    [args] => Array
                        (
                        )

                )

            [7] => Array
                (
                    [file] => C:\Users\Пользователь\Desktop\cur\api\app\core\app.php
                    [line] => 36
                    [function] => runModule
                    [class] => App
                    [type] => ::
                    [args] => Array
                        (
                            [0] => v2
                        )

                )

            [8] => Array
                (
                    [file] => C:\Users\Пользователь\Desktop\cur\api\app\init.php
                    [line] => 55
                    [function] => run
                    [class] => App
                    [type] => ::
                    [args] => Array
                        (
                        )

                )

            [9] => Array
                (
                    [file] => C:\Users\Пользователь\Desktop\cur\api\index.php
                    [line] => 5
                    [args] => Array
                        (
                            [0] => C:\Users\Пользователь\Desktop\cur\api\app\init.php
                        )

                    [function] => require_once
                )

        )

    [previous:Exception:private] => 
    [severity:protected] => 2
)

[2023-08-14 13:30:58]  ErrorException Object
(
    [message:protected] => SQLite3::query(): Unable to prepare statement: 1, near &quot;LIMIT&quot;: syntax error
    [string:Exception:private] => 
    [code:protected] => 0
    [file:protected] => C:\Users\Пользователь\Desktop\cur\api\app\core\classes\db.php
    [line:protected] => 34
    [trace:Exception:private] => Array
        (
            [0] => Array
                (
                    [function] => {closure}
                    [args] => Array
                        (
                            [0] => 2
                            [1] => SQLite3::query(): Unable to prepare statement: 1, near &quot;LIMIT&quot;: syntax error
                            [2] => C:\Users\Пользователь\Desktop\cur\api\app\core\classes\db.php
                            [3] => 34
                        )

                )

            [1] => Array
                (
                    [file] => C:\Users\Пользователь\Desktop\cur\api\app\core\classes\db.php
                    [line] => 34
                    [function] => query
                    [class] => SQLite3
                    [type] => ->
                    [args] => Array
                        (
                            [0] => SELECT * FROM `users` WHERE `id`= LIMIT 1;
                        )

                )

            [2] => Array
                (
                    [file] => C:\Users\Пользователь\Desktop\cur\api\app\core\user.php
                    [line] => 34
                    [function] => getUser
                    [class] => DB
                    [type] => ::
                    [args] => Array
                        (
                            [0] => 
                        )

                )

            [3] => Array
                (
                    [file] => C:\Users\Пользователь\Desktop\cur\api\app\core\api\v2\model.php
                    [line] => 18
                    [function] => getUserInfo
                    [class] => User
                    [type] => ->
                    [args] => Array
                        (
                        )

                )

            [4] => Array
                (
                    [file] => C:\Users\Пользователь\Desktop\cur\api\app\core\root\model.php
                    [line] => 7
                    [function] => get_user_check
                    [class] => V2_Model
                    [type] => ::
                    [args] => Array
                        (
                            [0] => 
                        )

                )

            [5] => Array
                (
                    [file] => C:\Users\Пользователь\Desktop\cur\api\app\core\api\v2\model.php
                    [line] => 14
                    [function] => run
                    [class] => Model
                    [type] => ::
                    [args] => Array
                        (
                            [0] => get_user_check
                        )

                )

            [6] => Array
                (
                    [file] => C:\Users\Пользователь\Desktop\cur\api\app\core\api\v2\controller.php
                    [line] => 8
                    [function] => run_user
                    [class] => V2_Model
                    [type] => ::
                    [args] => Array
                        (
                            [0] => 
                        )

                )

            [7] => Array
                (
                    [file] => C:\Users\Пользователь\Desktop\cur\api\app\core\api\v2\controller.php
                    [line] => 19
                    [function] => run
                    [class] => V2_Controller
                    [type] => ::
                    [args] => Array
                        (
                            [0] => run_user
                        )

                )

            [8] => Array
                (
                    [file] => C:\Users\Пользователь\Desktop\cur\api\app\core\app.php
                    [line] => 26
                    [function] => run_user
                    [class] => V2_Controller
                    [type] => ::
                    [args] => Array
                        (
                        )

                )

            [9] => Array
                (
                    [file] => C:\Users\Пользователь\Desktop\cur\api\app\core\app.php
                    [line] => 36
                    [function] => runModule
                    [class] => App
                    [type] => ::
                    [args] => Array
                        (
                            [0] => v2
                        )

                )

            [10] => Array
                (
                    [file] => C:\Users\Пользователь\Desktop\cur\api\app\init.php
                    [line] => 55
                    [function] => run
                    [class] => App
                    [type] => ::
                    [args] => Array
                        (
                        )

                )

            [11] => Array
                (
                    [file] => C:\Users\Пользователь\Desktop\cur\api\index.php
                    [line] => 5
                    [args] => Array
                        (
                            [0] => C:\Users\Пользователь\Desktop\cur\api\app\init.php
                        )

                    [function] => require_once
                )

        )

    [previous:Exception:private] => 
    [severity:protected] => 2
)

[2023-08-14 13:34:30]  ErrorException Object
(
    [message:protected] => SQLite3::query(): Unable to prepare statement: 1, near &quot;LIMIT&quot;: syntax error
    [string:Exception:private] => 
    [code:protected] => 0
    [file:protected] => C:\Users\Пользователь\Desktop\cur\api\app\core\classes\db.php
    [line:protected] => 34
    [trace:Exception:private] => Array
        (
            [0] => Array
                (
                    [function] => {closure}
                    [args] => Array
                        (
                            [0] => 2
                            [1] => SQLite3::query(): Unable to prepare statement: 1, near &quot;LIMIT&quot;: syntax error
                            [2] => C:\Users\Пользователь\Desktop\cur\api\app\core\classes\db.php
                            [3] => 34
                        )

                )

            [1] => Array
                (
                    [file] => C:\Users\Пользователь\Desktop\cur\api\app\core\classes\db.php
                    [line] => 34
                    [function] => query
                    [class] => SQLite3
                    [type] => ->
                    [args] => Array
                        (
                            [0] => SELECT * FROM `users` WHERE `id`= LIMIT 1;
                        )

                )

            [2] => Array
                (
                    [file] => C:\Users\Пользователь\Desktop\cur\api\app\core\user.php
                    [line] => 34
                    [function] => getUser
                    [class] => DB
                    [type] => ::
                    [args] => Array
                        (
                            [0] => 
                        )

                )

            [3] => Array
                (
                    [file] => C:\Users\Пользователь\Desktop\cur\api\app\core\api\v2\model.php
                    [line] => 62
                    [function] => getUserInfo
                    [class] => User
                    [type] => ->
                    [args] => Array
                        (
                        )

                )

            [4] => Array
                (
                    [file] => C:\Users\Пользователь\Desktop\cur\api\app\core\api\v2\controller.php
                    [line] => 8
                    [function] => run_login__check_user
                    [class] => V2_Model
                    [type] => ::
                    [args] => Array
                        (
                            [0] => Array
                                (
                                    [0] => me123
                                    [1] => qwerty12345
                                )

                        )

                )

            [5] => Array
                (
                    [file] => C:\Users\Пользователь\Desktop\cur\api\app\core\api\v2\controller.php
                    [line] => 33
                    [function] => run
                    [class] => V2_Controller
                    [type] => ::
                    [args] => Array
                        (
                            [0] => run_login__check_user
                            [1] => Array
                                (
                                    [0] => me123
                                    [1] => qwerty12345
                                )

                        )

                )

            [6] => Array
                (
                    [file] => C:\Users\Пользователь\Desktop\cur\api\app\core\app.php
                    [line] => 26
                    [function] => run_login
                    [class] => V2_Controller
                    [type] => ::
                    [args] => Array
                        (
                        )

                )

            [7] => Array
                (
                    [file] => C:\Users\Пользователь\Desktop\cur\api\app\core\app.php
                    [line] => 36
                    [function] => runModule
                    [class] => App
                    [type] => ::
                    [args] => Array
                        (
                            [0] => v2
                        )

                )

            [8] => Array
                (
                    [file] => C:\Users\Пользователь\Desktop\cur\api\app\init.php
                    [line] => 55
                    [function] => run
                    [class] => App
                    [type] => ::
                    [args] => Array
                        (
                        )

                )

            [9] => Array
                (
                    [file] => C:\Users\Пользователь\Desktop\cur\api\index.php
                    [line] => 5
                    [args] => Array
                        (
                            [0] => C:\Users\Пользователь\Desktop\cur\api\app\init.php
                        )

                    [function] => require_once
                )

        )

    [previous:Exception:private] => 
    [severity:protected] => 2
)

[2023-08-14 13:47:30]  
